<?xml version="1.0" encoding="UTF-8"?>
<!-- Generated by org.testng.reporters.JUnitReportReporter -->
<testsuite hostname="DESKTOP-QLQSIJ5" failures="0" tests="5" name="com.insight.automation.tests.LoginUserTest" time="45.728" errors="0" timestamp="2025-05-30T17:27:22 ART" skipped="0">
  <testcase classname="com.insight.automation.tests.LoginUserTest" name="userLoguinSuccessful" time="8.957"/>
  <testcase classname="com.insight.automation.tests.LoginUserTest" name="userLoguinSuccessful" time="9.423"/>
  <testcase classname="com.insight.automation.tests.LoginUserTest" name="userLoguinSuccessful" time="8.993"/>
  <testcase classname="com.insight.automation.tests.LoginUserTest" name="userLoguinSuccessful" time="9.633"/>
  <testcase classname="com.insight.automation.tests.LoginUserTest" name="userLoguinSuccessful" time="8.722"/>
</testsuite> <!-- com.insight.automation.tests.LoginUserTest -->
