<?xml version="1.0" encoding="UTF-8"?>
<!-- Generated by org.testng.reporters.JUnitReportReporter -->
<testsuite hostname="DESKTOP-QLQSIJ5" failures="0" tests="1" name="com.insight.automation.tests.RegistrationUserTest" time="14.432" errors="0" timestamp="2025-05-26T17:35:47 ART" skipped="0">
  <testcase classname="com.insight.automation.tests.RegistrationUserTest" name="runTest" time="14.432"/>
</testsuite> <!-- com.insight.automation.tests.RegistrationUserTest -->
